Heap Meta Info:
===============
Total Size = 1024 bytes
Start Address = 0x11d0000
Partition Meta Size = 24 bytes
Partition list:
[+    0 |    40 bytes | 1]
[+   64 |   936 bytes | 0]

Heap Meta Info:
===============
Total Size = 1024 bytes
Start Address = 0x11d0000
Partition Meta Size = 24 bytes
Partition list:
[+    0 |    40 bytes | 1]
[+   64 |    40 bytes | 1]
[+  128 |   872 bytes | 0]

Heap Meta Info:
===============
Total Size = 1024 bytes
Start Address = 0x11d0000
Partition Meta Size = 24 bytes
Partition list:
[+    0 |    40 bytes | 1]
[+   64 |    40 bytes | 1]
[+  128 |    40 bytes | 1]
[+  192 |   808 bytes | 0]

Heap Meta Info:
===============
Total Size = 1024 bytes
Start Address = 0x11d0000
Partition Meta Size = 24 bytes
Partition list:
[+    0 |    40 bytes | 1]
[+   64 |    40 bytes | 1]
[+  128 |    40 bytes | 1]
[+  192 |    40 bytes | 1]
[+  256 |   744 bytes | 0]

Heap Meta Info:
===============
Total Size = 1024 bytes
Start Address = 0x11d0000
Partition Meta Size = 24 bytes
Partition list:
[+    0 |    40 bytes | 1]
[+   64 |    40 bytes | 1]
[+  128 |    40 bytes | 1]
[+  192 |    40 bytes | 1]
[+  256 |    40 bytes | 1]
[+  320 |   680 bytes | 0]

Heap Meta Info:
===============
Total Size = 1024 bytes
Start Address = 0x11d0000
Partition Meta Size = 24 bytes
Partition list:
[+    0 |    40 bytes | 1]
[+   64 |    40 bytes | 1]
[+  128 |    40 bytes | 1]
[+  192 |    40 bytes | 1]
[+  256 |    40 bytes | 1]
[+  320 |    40 bytes | 1]
[+  384 |   616 bytes | 0]

Heap Meta Info:
===============
Total Size = 1024 bytes
Start Address = 0x11d0000
Partition Meta Size = 24 bytes
Partition list:
[+    0 |    40 bytes | 1]
[+   64 |    40 bytes | 1]
[+  128 |    40 bytes | 1]
[+  192 |    40 bytes | 1]
[+  256 |    40 bytes | 1]
[+  320 |    40 bytes | 1]
[+  384 |    40 bytes | 1]
[+  448 |   552 bytes | 0]

Heap Meta Info:
===============
Total Size = 1024 bytes
Start Address = 0x11d0000
Partition Meta Size = 24 bytes
Partition list:
[+    0 |    40 bytes | 1]
[+   64 |    40 bytes | 1]
[+  128 |    40 bytes | 1]
[+  192 |    40 bytes | 1]
[+  256 |    40 bytes | 1]
[+  320 |    40 bytes | 1]
[+  384 |    40 bytes | 1]
[+  448 |    40 bytes | 1]
[+  512 |   488 bytes | 0]

Heap Meta Info:
===============
Total Size = 1024 bytes
Start Address = 0x11d0000
Partition Meta Size = 24 bytes
Partition list:
[+    0 |    40 bytes | 0]
[+   64 |    40 bytes | 1]
[+  128 |    40 bytes | 1]
[+  192 |    40 bytes | 1]
[+  256 |    40 bytes | 1]
[+  320 |    40 bytes | 1]
[+  384 |    40 bytes | 1]
[+  448 |    40 bytes | 1]
[+  512 |   488 bytes | 0]

Heap Meta Info:
===============
Total Size = 1024 bytes
Start Address = 0x11d0000
Partition Meta Size = 24 bytes
Partition list:
[+    0 |    40 bytes | 0]
[+   64 |    40 bytes | 1]
[+  128 |    40 bytes | 0]
[+  192 |    40 bytes | 1]
[+  256 |    40 bytes | 1]
[+  320 |    40 bytes | 1]
[+  384 |    40 bytes | 1]
[+  448 |    40 bytes | 1]
[+  512 |   488 bytes | 0]

Heap Meta Info:
===============
Total Size = 1024 bytes
Start Address = 0x11d0000
Partition Meta Size = 24 bytes
Partition list:
[+    0 |    40 bytes | 0]
[+   64 |    40 bytes | 1]
[+  128 |    40 bytes | 0]
[+  192 |    40 bytes | 1]
[+  256 |    40 bytes | 0]
[+  320 |    40 bytes | 1]
[+  384 |    40 bytes | 1]
[+  448 |    40 bytes | 1]
[+  512 |   488 bytes | 0]

Heap Meta Info:
===============
Total Size = 1024 bytes
Start Address = 0x11d0000
Partition Meta Size = 24 bytes
Partition list:
[+    0 |    40 bytes | 0]
[+   64 |    40 bytes | 1]
[+  128 |    40 bytes | 0]
[+  192 |    40 bytes | 1]
[+  256 |    40 bytes | 0]
[+  320 |    40 bytes | 1]
[+  384 |    40 bytes | 0]
[+  448 |    40 bytes | 1]
[+  512 |   488 bytes | 0]

Before collecting all the occupied memory portions
Heap Meta Info:
===============
Total Size = 1024 bytes
Start Address = 0x11d0000
Partition Meta Size = 24 bytes
Partition list:
[+    0 |    40 bytes | 0]
[+   64 |    40 bytes | 1]
[+  128 |    40 bytes | 0]
[+  192 |    40 bytes | 1]
[+  256 |    40 bytes | 0]
[+  320 |    40 bytes | 1]
[+  384 |    40 bytes | 0]
[+  448 |    40 bytes | 1]
[+  512 |   488 bytes | 0]

Data at current: 112 Address of current: 0x11d0058 Size of current: 40
Data at temp: 112 Address of temp: 0x11d0018
Data at new: 112 Address of new: 0x11d0058
Data at current: 114 Address of current: 0x11d00d8 Size of current: 40
Data at temp: 114 Address of temp: 0x11d0098
Data at new: 114 Address of new: 0x11d00d8
Data at current: 116 Address of current: 0x11d0158 Size of current: 40
Data at temp: 116 Address of temp: 0x11d0118
Data at new: 116 Address of new: 0x11d0158
Data at current: 118 Address of current: 0x11d01d8 Size of current: 40
Data at temp: 118 Address of temp: 0x11d0198
Data at new: 118 Address of new: 0x11d01d8
After collecting all the occupied memory portions
Heap Meta Info:
===============
Total Size = 1024 bytes
Start Address = 0x11d0000
Partition Meta Size = 24 bytes
Partition list:
[+    0 |    40 bytes | 1]
[+   64 |    40 bytes | 1]
[+  128 |    40 bytes | 1]
[+  192 |    40 bytes | 1]
[+  256 |    40 bytes | 1]
[+  320 |    40 bytes | 1]
[+  384 |    40 bytes | 1]
[+  448 |    40 bytes | 1]
[+  512 |   488 bytes | 0]

Compact Verifier:
=================
Content Check:
	[112 == 112]
	[112 == 112]
	[114 == 114]
	[114 == 114]
	[116 == 116]
	[116 == 116]
	[118 == 118]
	[118 == 118]
Partition Check: PASSED

Heap Meta Info:
===============
Total Size = 1024 bytes
Start Address = 0x11d0000
Partition Meta Size = 24 bytes
Partition list:
[+    0 |    40 bytes | 1]
[+   64 |    40 bytes | 1]
[+  128 |    40 bytes | 1]
[+  192 |    40 bytes | 1]
[+  256 |    40 bytes | 1]
[+  320 |    40 bytes | 1]
[+  384 |    40 bytes | 1]
[+  448 |    40 bytes | 1]
[+  512 |   488 bytes | 0]

Heap Meta Info:
===============
Total Size = 1024 bytes
Start Address = 0x11d0000
Partition Meta Size = 24 bytes
Partition list:
[+    0 |    40 bytes | 1]
[+   64 |    40 bytes | 1]
[+  128 |    40 bytes | 1]
[+  192 |    40 bytes | 1]
[+  256 |    40 bytes | 1]
[+  320 |    40 bytes | 1]
[+  384 |    40 bytes | 1]
[+  448 |    40 bytes | 1]
[+  512 |   488 bytes | 0]

